X.X....X.XXX..X.#..X#.X.X.X.X..X.X.XXX........#...X.#.X.#...X.X.
...X.#X...X..X..X.X...........X.....X..X.X.XX..X.X.......X.#....
X.X..XXX.X.X..X.....X.X.X.X.XX..X#.X.X..XXX..#X....X.X.X#..X.X.X
...X..X......#X.X#.X.X#..X.#XX.X.X.X...X.X..#.X#.#X.#XX.X.#...XX
X.X..X.X.X.X.#....X...#.X#..X.....#..#X...#....X.X..XXX.#...XX.X
...X....#XX...X.X#.X.X....X..#.X.X.X.X#.X#.X.XX...X..X....X#.X..
X.X..X#..X.XX.........X.XX.X.X..X.............X.XX..X.##.X.....X
...#...X#..X..X.X.X.XX.X.......X.X.X.X.X.XX#.X...#.X...#...#X#X.
X.#..XX..X..X..XX#...X..##.#.#......X...#X..X..X#....X.X.X....X.
...X..XX..#...X.XXX.X..##.XXX..X.X.X.X.XX.X..X....X.X.#X..X.##..
X.X..#..X.X.X....XXX.X.X...X..X.XX#...X#....#..#XX.X..X..#.X#.X.
...X.X.X...X..X.X.X.....X.X.X....#.X.X.X#.X.X.X..#..#..X........
#.#....XX.X.#..X...X.X.X......#.X........X.....X...X..X..#.X.#X.
X..X.XX.....X.X.#.X.X....#X#XX.#..X.X.X.X.#.X.X.#.X.X...X#..X..#
.X....#.X.X..........X.X.X.X....#..X...X..X.X#X.#.....XX..X.##..
...X.X.XX#.X#.X.X.X.X...#....X.X..#.#.X.#....X..X.X.XX.X.X.X.X#.
.X..#...X...X..X...X..X...#.X.XXX.X.X.X.X.X.X.X....#.X..........
X..XXX.X.X.X..X.X.X.X..#.X.##..X.....X.....X....#.X#...X.X.X.X.X
.X..X.......#....X....X.X#.X..X.X.X##.X.X.X.X.#X.X..X#..X...#...
...X.X#.X.X.X.X.X.X#X....X..#...X..X...X.......X..X....X.X.X..#.
.X....#.##.....#...X..X.X.#...X#..X.X.X.X.X.X.X..X..#.X...X#.X.X
X..X.X.X..X.X.X.X.X.X..X..X.X...X..........XXX..X..X.X..#X..X...
.X..X....X.X..........X.X..#..#.#.X.X#.X#XX.X#X...X...X.X..X.X.X
...X.X.X....X.X.X.X.XX....X##..#...X...X..X..X..XX..##...X......
.X....#..X.X...X...XX..X.X.X.#.#.##.X.X..X..X.X..X.XX#.##..X.#.#
X.#X.XXX..X..XX.#.X..#..X....X.X.....XXX..X.....X...#...X.X.X.X.
..X...X..X.X..X..X#X.#.X.X.#X....X.X#.X..#..X#.X..XX.X.X........
X..X.X.X.....X..X.X........#..X.X.#XX..X..#...X..X.X.....#.X.X.X
.X.......#.XX..X...X.X.X.X#.#..X...X..X.X.X.X#.X.....#X.XX#.X#X.
..#XX.#X..X#..#..XX.#...X...X.#.X.X.X............#.X...#.X...X..
X....X...#..X.#.X.X.X#.X.X.X..........#.X.X.X.X.X.X#.X.X...XX..X
.X.#X.#X.X.X.................#XXX#.X.#XXXXXXXXXX...XX.#..XX.X.X.
.............#XX.X#.X#X#.X.X......#.X.X.#.X.X.X.X.X.X.X.X.X.....
.X.X.X.X.X.X....#.....#X..X..X.X#...........................##.X
..X...X...X..X.X..X.X...X..#..XXX.X.X.X.X.X.X.X.X.X.X#.X.X.X....
.X.X.X.X.X.#..X#X..#..X..X..X....XX..X...X...X...X....XX..XX#X.X
X.......#....XXX.XXXX..X.#.X.#.X...X#.X.X.X.X.X.X..X.X.X.X.X###.
XX.X.#.XXX.X..#..X.X#.X...X#.X..X.X.......#....XXX.X....X.......
XXX...X.XXX..X.X.....X.X#.....#..XX##XX.X..X.X.#XX.X.X.XX.X.X.#.
#X.X.X#..X.X.....#.X.....X.X.X..X.X.X.X.#.XX..X.X.X...X....XX#..
........X....X#.X...X.X.#...X.X........X....X......#.X#.X.#.XXX.
.#.X.X.X.X.#...X#X.X...X.X.XX...X.X.X.XXX.X..X.X.X..X#.X.....X..
..X...X.....X.X...X..#....X..XX..#...XXX...X..#.#..X....#.X.X.X.
.X#X.X.X.X.X....#..#.X.#.X..X...X.X.X.X.X.X..XX.XX...#.X...X...X
..#.....X...#.X..#X.X##.X#.X.XX...#......X.X.#....#.X.X.X.X.X.X.
.#.X.X.X..#X...X..............#.X..X.X.X....X.#.XX..............
X.....XXX..XX.X..X.#.X.X.X#.X.##..XX..XX.X.#......X.##X##.X.#.X.
.X.X.X.X..X...##..X.XX..X....X.#X...X...X....#.X.X...#X.#..X...X
..X.....X.X.X...X.....X#..X.X.....X..X.X.##.X.X.X#X.X.....X.X.XX
.X.#.X#.X..X..X..X.X.X..X..#X.X.X..X..X............XX##.X....XX#
.......XX.X.#..X..XX#..X..#..X.X..XX.X.XX.X.X.X.X.X.X#.XX.X.XXXX
.X.X.X#X..#...XX.X.#..#.X..#....#...#...X.X#...XX........X...#XX
..X.....X.X.X...X...X...X.XX.X.X.#.X.X.X.X.XX#...X.X.##.X.X.X.XX
.XX#.X.X..X..#.X.X.X.X.X.X#...X...............X.XX..X.X....X...X
..#...#XX.X.X..............#.X.X.X.X.X.X.X.X.X....X...##.X..#.X.
.X.X.#.X..X..X.X.X.X.X.X.X......#...X...X...XXX.X..X.X.X..X.....
X.......X.X.X...X...X...X..X.X.XXX.X.X.XX#.X.#.#..X.....X#..X.X.
.X.X.X.#..X.X.#.XX.XX#.X.X..X#..#.....X.#.......#.#X.#.X..X..X..
..X...XXX.X.X.X...X#XXX....X...XXX.X.X..#X.X.X.#.#....X..X..XXX.
.X.X.X.X.#..X..#.X..##XX.X..#.#.X...X.X.....X##...XX.X.X.XX..#..
..........X.X.X.#.#.X.X.X..#.X..XX.X...X.X.X.X.X.X.X.......X#.X.
#X.X.X.X#X..X............#...#.#.XX.X.X.X.X........#.X.X.X..#.#.
XXX...X.X.X.X.X.X.X.X#.X.X.X................X.#.X.X...X..##.#...
XX#X.X......#..X...X...#.X..X.X.X.X.X.X.X#.X...#..#X.XXX...X..X.
